aplicacion/app/build/intermediates/manifest_merge_blame_file/debug/manifest-merger-blame-debug-report.txt
1<?xml version="1.0" encoding="utf-8"?>
2<manifest xmlns:android="http://schemas.android.com/apk/res/android"
3    package="com.example.navigationactivityrvproducto"
4    android:versionCode="1"
5    android:versionName="1.0" >
6
7    <uses-sdk
8        android:minSdkVersion="21"
8-->src\main\AndroidManifest.xml
9        android:targetSdkVersion="31" />
9-->src\main\AndroidManifest.xml
10
11    <uses-permission android:name="android.permission.INTERNET" >
11-->src\main\AndroidManifest.xml:7:1-8:19
11-->src\main\AndroidManifest.xml:7:18-60
12    </uses-permission>
13    <uses-permission android:name="android.permission.ACCESS_WIFI_STATE" >
13-->src\main\AndroidManifest.xml:9:5-10:23
13-->src\main\AndroidManifest.xml:9:22-73
14    </uses-permission>
15    <uses-permission android:name="android.permission.ACCESS_NETWORK_STATE" />
15-->src\main\AndroidManifest.xml:11:5-79
15-->src\main\AndroidManifest.xml:11:22-76
16
17    <application
17-->src\main\AndroidManifest.xml:12:5-32:19
18        android:allowBackup="true"
18-->src\main\AndroidManifest.xml:13:9-35
19        android:appComponentFactory="androidx.core.app.CoreComponentFactory"
19-->[androidx.core:core:1.7.0-beta01] AndroidManifest.xml:24:18-86
20        android:debuggable="true"
21        android:icon="@mipmap/ic_launcher"
21-->src\main\AndroidManifest.xml:14:9-43
22        android:label="@string/app_name"
22-->src\main\AndroidManifest.xml:15:9-41
23        android:roundIcon="@mipmap/ic_launcher_round"
23-->src\main\AndroidManifest.xml:16:9-54
24        android:supportsRtl="true"
24-->src\main\AndroidManifest.xml:17:9-35
25        android:testOnly="true"
26        android:theme="@style/Theme.NavigationActivityRVProducto"
26-->src\main\AndroidManifest.xml:19:9-66
27        android:usesCleartextTraffic="true" >
27-->src\main\AndroidManifest.xml:18:9-44
28        <activity
28-->src\main\AndroidManifest.xml:21:9-31:20
29            android:name="com.example.navigationactivityrvproducto.MainActivity"
29-->src\main\AndroidManifest.xml:22:13-41
30            android:exported="true"
30-->src\main\AndroidManifest.xml:23:13-36
31            android:label="@string/app_name"
31-->src\main\AndroidManifest.xml:24:13-45
32            android:theme="@style/Theme.NavigationActivityRVProducto.NoActionBar" >
32-->src\main\AndroidManifest.xml:25:13-82
33            <intent-filter>
33-->src\main\AndroidManifest.xml:26:13-30:29
34                <action android:name="android.intent.action.MAIN" />
34-->src\main\AndroidManifest.xml:27:17-69
34-->src\main\AndroidManifest.xml:27:25-66
35
36                <category android:name="android.intent.category.LAUNCHER" />
36-->src\main\AndroidManifest.xml:29:17-77
36-->src\main\AndroidManifest.xml:29:27-74
37            </intent-filter>
38        </activity>
39    </application>
40
41</manifest>